{"D:\\CARITO ---Trabajos\\4 Ingenieria de Software\\Tareas\\base-js - CalculadoraCadenas with TDD\\2-base-js\\src\\Functions.js": {"path":"D:\\CARITO ---Trabajos\\4 Ingenieria de Software\\Tareas\\base-js - CalculadoraCadenas with TDD\\2-base-js\\src\\Functions.js","statementMap":{"0":{"start":{"line":3,"column":4},"end":{"line":5,"column":5}},"1":{"start":{"line":4,"column":8},"end":{"line":4,"column":36}},"2":{"start":{"line":7,"column":4},"end":{"line":12,"column":5}},"3":{"start":{"line":8,"column":20},"end":{"line":8,"column":55}},"4":{"start":{"line":9,"column":4},"end":{"line":9,"column":52}},"5":{"start":{"line":11,"column":4},"end":{"line":11,"column":55}},"6":{"start":{"line":14,"column":20},"end":{"line":14,"column":55}},"7":{"start":{"line":15,"column":14},"end":{"line":15,"column":34}},"8":{"start":{"line":17,"column":4},"end":{"line":19,"column":5}},"9":{"start":{"line":18,"column":8},"end":{"line":18,"column":36}},"10":{"start":{"line":20,"column":4},"end":{"line":20,"column":15}},"11":{"start":{"line":24,"column":20},"end":{"line":24,"column":37}},"12":{"start":{"line":25,"column":20},"end":{"line":25,"column":43}},"13":{"start":{"line":26,"column":20},"end":{"line":26,"column":43}},"14":{"start":{"line":27,"column":20},"end":{"line":27,"column":61}},"15":{"start":{"line":28,"column":4},"end":{"line":28,"column":56}},"16":{"start":{"line":29,"column":4},"end":{"line":29,"column":33}},"17":{"start":{"line":32,"column":15},"end":{"line":32,"column":16}},"18":{"start":{"line":33,"column":4},"end":{"line":38,"column":7}},"19":{"start":{"line":34,"column":8},"end":{"line":36,"column":9}},"20":{"start":{"line":35,"column":12},"end":{"line":35,"column":23}},"21":{"start":{"line":37,"column":8},"end":{"line":37,"column":23}},"22":{"start":{"line":39,"column":4},"end":{"line":39,"column":16}}},"fnMap":{"0":{"name":"sumString","decl":{"start":{"line":2,"column":16},"end":{"line":2,"column":25}},"loc":{"start":{"line":2,"column":37},"end":{"line":21,"column":1}},"line":2},"1":{"name":"extract_parts_string","decl":{"start":{"line":23,"column":9},"end":{"line":23,"column":29}},"loc":{"start":{"line":23,"column":41},"end":{"line":30,"column":1}},"line":23},"2":{"name":"sum_array","decl":{"start":{"line":31,"column":9},"end":{"line":31,"column":18}},"loc":{"start":{"line":31,"column":33},"end":{"line":40,"column":1}},"line":31},"3":{"name":"(anonymous_3)","decl":{"start":{"line":33,"column":26},"end":{"line":33,"column":27}},"loc":{"start":{"line":33,"column":42},"end":{"line":38,"column":5}},"line":33}},"branchMap":{"0":{"loc":{"start":{"line":3,"column":4},"end":{"line":5,"column":5}},"type":"if","locations":[{"start":{"line":3,"column":4},"end":{"line":5,"column":5}},{"start":{"line":3,"column":4},"end":{"line":5,"column":5}}],"line":3},"1":{"loc":{"start":{"line":7,"column":4},"end":{"line":12,"column":5}},"type":"if","locations":[{"start":{"line":7,"column":4},"end":{"line":12,"column":5}},{"start":{"line":7,"column":4},"end":{"line":12,"column":5}}],"line":7},"2":{"loc":{"start":{"line":17,"column":4},"end":{"line":19,"column":5}},"type":"if","locations":[{"start":{"line":17,"column":4},"end":{"line":19,"column":5}},{"start":{"line":17,"column":4},"end":{"line":19,"column":5}}],"line":17},"3":{"loc":{"start":{"line":34,"column":8},"end":{"line":36,"column":9}},"type":"if","locations":[{"start":{"line":34,"column":8},"end":{"line":36,"column":9}},{"start":{"line":34,"column":8},"end":{"line":36,"column":9}}],"line":34}},"s":{"0":13,"1":1,"2":12,"3":5,"4":5,"5":5,"6":12,"7":12,"8":12,"9":1,"10":11,"11":10,"12":10,"13":10,"14":10,"15":10,"16":10,"17":12,"18":12,"19":40,"20":2,"21":40,"22":12},"f":{"0":13,"1":10,"2":12,"3":40},"b":{"0":[1,12],"1":[5,7],"2":[1,11],"3":[2,38]},"_coverageSchema":"1a1c01bbd47fc00a2c39e90264f33305004495a9","hash":"acb5a14e336ce76fdd28e4342ad331b7f01a7b18"}
}
