{"D:\\CARITO ---Trabajos\\4 Ingenieria de Software\\Tareas\\base-js - CalculadoraCadenas with TDD\\2-base-js\\src\\Functions.js": {"path":"D:\\CARITO ---Trabajos\\4 Ingenieria de Software\\Tareas\\base-js - CalculadoraCadenas with TDD\\2-base-js\\src\\Functions.js","statementMap":{"0":{"start":{"line":7,"column":4},"end":{"line":9,"column":5}},"1":{"start":{"line":8,"column":8},"end":{"line":8,"column":36}},"2":{"start":{"line":10,"column":20},"end":{"line":10,"column":55}},"3":{"start":{"line":12,"column":4},"end":{"line":12,"column":32}},"4":{"start":{"line":16,"column":15},"end":{"line":16,"column":16}},"5":{"start":{"line":17,"column":4},"end":{"line":19,"column":7}},"6":{"start":{"line":18,"column":8},"end":{"line":18,"column":23}},"7":{"start":{"line":20,"column":4},"end":{"line":20,"column":16}}},"fnMap":{"0":{"name":"sumString","decl":{"start":{"line":6,"column":16},"end":{"line":6,"column":25}},"loc":{"start":{"line":6,"column":37},"end":{"line":13,"column":1}},"line":6},"1":{"name":"sum_array","decl":{"start":{"line":15,"column":9},"end":{"line":15,"column":18}},"loc":{"start":{"line":15,"column":33},"end":{"line":21,"column":1}},"line":15},"2":{"name":"(anonymous_2)","decl":{"start":{"line":17,"column":26},"end":{"line":17,"column":27}},"loc":{"start":{"line":17,"column":42},"end":{"line":19,"column":5}},"line":17}},"branchMap":{"0":{"loc":{"start":{"line":7,"column":4},"end":{"line":9,"column":5}},"type":"if","locations":[{"start":{"line":7,"column":4},"end":{"line":9,"column":5}},{"start":{"line":7,"column":4},"end":{"line":9,"column":5}}],"line":7}},"s":{"0":8,"1":1,"2":7,"3":7,"4":7,"5":7,"6":22,"7":7},"f":{"0":8,"1":7,"2":22},"b":{"0":[1,7]},"_coverageSchema":"1a1c01bbd47fc00a2c39e90264f33305004495a9","hash":"ceddc32de468cd56e88958c64de7b97e85a63e87"}
}
