TN:
SF:src\Functions.js
FN:2,sumString
FN:22,extract_parts_string
FN:33,get_nums_form_string
FN:34,(anonymous_3)
FN:40,sum_array
FN:42,(anonymous_5)
FNF:6
FNH:6
FNDA:19,sumString
FNDA:22,extract_parts_string
FNDA:11,get_nums_form_string
FNDA:20,(anonymous_3)
FNDA:18,sum_array
FNDA:73,(anonymous_5)
DA:3,19
DA:4,1
DA:7,18
DA:8,11
DA:9,11
DA:10,11
DA:13,18
DA:14,18
DA:16,18
DA:17,2
DA:19,16
DA:23,22
DA:24,22
DA:25,22
DA:26,22
DA:27,22
DA:29,22
DA:30,22
DA:34,11
DA:35,20
DA:37,11
DA:41,18
DA:42,18
DA:43,73
DA:44,2
DA:46,73
DA:48,18
LF:27
LH:27
BRDA:3,0,0,1
BRDA:3,0,1,18
BRDA:7,1,0,11
BRDA:7,1,1,7
BRDA:16,2,0,2
BRDA:16,2,1,16
BRDA:43,3,0,2
BRDA:43,3,1,71
BRF:8
BRH:8
end_of_record
