TN:
SF:src\Functions.js
FN:2,sumString
FN:23,extract_parts_string
FN:31,sum_array
FN:33,(anonymous_3)
FNF:4
FNH:4
FNDA:13,sumString
FNDA:10,extract_parts_string
FNDA:12,sum_array
FNDA:40,(anonymous_3)
DA:3,13
DA:4,1
DA:7,12
DA:8,5
DA:9,5
DA:11,5
DA:14,12
DA:15,12
DA:17,12
DA:18,1
DA:20,11
DA:24,10
DA:25,10
DA:26,10
DA:27,10
DA:28,10
DA:29,10
DA:32,12
DA:33,12
DA:34,40
DA:35,2
DA:37,40
DA:39,12
LF:23
LH:23
BRDA:3,0,0,1
BRDA:3,0,1,12
BRDA:7,1,0,5
BRDA:7,1,1,7
BRDA:17,2,0,1
BRDA:17,2,1,11
BRDA:34,3,0,2
BRDA:34,3,1,38
BRF:8
BRH:8
end_of_record
